<?xml version="1.0" encoding="UTF-8"?>
<!-- Generated by org.testng.reporters.JUnitXMLReporter -->
<testsuite ignored="0" hostname="LAPTOP-RQ63C1TE" failures="0" tests="6" name="Test" time="2.087" errors="0" timestamp="2024-07-20T00:14:51 IST">
  <testcase classname="testBase.CommonMethod" name="@BeforeMethod setupMethod" time="1.839">
    <failure type="org.openqa.selenium.InvalidArgumentException" message="invalid argument
  (Session info: chrome=126.0.6478.182)
Build info: version: &amp;apos;4.22.0&amp;apos;, revision: &amp;apos;c5f3146703*&amp;apos;
System info: os.name: &amp;apos;Windows 11&amp;apos;, os.arch: &amp;apos;amd64&amp;apos;, os.version: &amp;apos;10.0&amp;apos;, java.version: &amp;apos;17.0.6&amp;apos;
Driver info: org.openqa.selenium.chrome.ChromeDriver
Command: [393b4ee574f1e4f9e471e32ed10c420f, get {url=Url}]
Capabilities {acceptInsecureCerts: false, browserName: chrome, browserVersion: 126.0.6478.182, chrome: {chromedriverVersion: 126.0.6478.182 (5b5d8292ddf..., userDataDir: C:\Users\VINAYK~1\AppData\L...}, fedcm:accounts: true, goog:chromeOptions: {debuggerAddress: localhost:53252}, networkConnectionEnabled: false, pageLoadStrategy: normal, platformName: windows, proxy: Proxy(), se:cdp: ws://localhost:53252/devtoo..., se:cdpVersion: 126.0.6478.182, setWindowRect: true, strictFileInteractability: false, timeouts: {implicit: 0, pageLoad: 300000, script: 30000}, unhandledPromptBehavior: dismiss and notify, webauthn:extension:credBlob: true, webauthn:extension:largeBlob: true, webauthn:extension:minPinLength: true, webauthn:extension:prf: true, webauthn:virtualAuthenticators: true}
Session ID: 393b4ee574f1e4f9e471e32ed10c420f">
      <![CDATA[org.openqa.selenium.InvalidArgumentException: invalid argument
  (Session info: chrome=126.0.6478.182)
Build info: version: '4.22.0', revision: 'c5f3146703*'
System info: os.name: 'Windows 11', os.arch: 'amd64', os.version: '10.0', java.version: '17.0.6'
Driver info: org.openqa.selenium.chrome.ChromeDriver
Command: [393b4ee574f1e4f9e471e32ed10c420f, get {url=Url}]
Capabilities {acceptInsecureCerts: false, browserName: chrome, browserVersion: 126.0.6478.182, chrome: {chromedriverVersion: 126.0.6478.182 (5b5d8292ddf..., userDataDir: C:\Users\VINAYK~1\AppData\L...}, fedcm:accounts: true, goog:chromeOptions: {debuggerAddress: localhost:53252}, networkConnectionEnabled: false, pageLoadStrategy: normal, platformName: windows, proxy: Proxy(), se:cdp: ws://localhost:53252/devtoo..., se:cdpVersion: 126.0.6478.182, setWindowRect: true, strictFileInteractability: false, timeouts: {implicit: 0, pageLoad: 300000, script: 30000}, unhandledPromptBehavior: dismiss and notify, webauthn:extension:credBlob: true, webauthn:extension:largeBlob: true, webauthn:extension:minPinLength: true, webauthn:extension:prf: true, webauthn:virtualAuthenticators: true}
Session ID: 393b4ee574f1e4f9e471e32ed10c420f
at org.openqa.selenium.remote.ErrorCodec.decode(ErrorCodec.java:167)
at org.openqa.selenium.remote.codec.w3c.W3CHttpResponseCodec.decode(W3CHttpResponseCodec.java:138)
at org.openqa.selenium.remote.codec.w3c.W3CHttpResponseCodec.decode(W3CHttpResponseCodec.java:50)
at org.openqa.selenium.remote.HttpCommandExecutor.execute(HttpCommandExecutor.java:190)
at org.openqa.selenium.remote.service.DriverCommandExecutor.invokeExecute(DriverCommandExecutor.java:216)
at org.openqa.selenium.remote.service.DriverCommandExecutor.execute(DriverCommandExecutor.java:174)
at org.openqa.selenium.remote.RemoteWebDriver.execute(RemoteWebDriver.java:518)
at org.openqa.selenium.remote.RemoteWebDriver.get(RemoteWebDriver.java:300)
at testBase.CommonMethod.LaunchBrowserAndLogin(CommonMethod.java:50)
at testBase.CommonMethod.setupMethod(CommonMethod.java:56)
at java.base/java.util.ArrayList.forEach(ArrayList.java:1511)
... Removed 36 stack frames]]>
    </failure>
  </testcase> <!-- @BeforeMethod setupMethod -->
  <testcase classname="testBase.CommonMethod" name="@AfterMethod cleanUp" time="0.0">
    <skipped/>
  </testcase> <!-- @AfterMethod cleanUp -->
  <testcase classname="testBase.CommonMethod" name="@BeforeMethod setupMethod" time="0.0">
    <skipped/>
  </testcase> <!-- @BeforeMethod setupMethod -->
  <testcase classname="testBase.CommonMethod" name="@AfterMethod cleanUp" time="0.0">
    <skipped/>
  </testcase> <!-- @AfterMethod cleanUp -->
  <testcase classname="testBase.CommonMethod" name="@BeforeMethod setupMethod" time="0.0">
    <skipped/>
  </testcase> <!-- @BeforeMethod setupMethod -->
  <testcase classname="testBase.CommonMethod" name="@AfterMethod cleanUp" time="0.0">
    <skipped/>
  </testcase> <!-- @AfterMethod cleanUp -->
  <testcase classname="testBase.CommonMethod" name="@BeforeMethod setupMethod" time="0.0">
    <skipped/>
  </testcase> <!-- @BeforeMethod setupMethod -->
  <testcase classname="testBase.CommonMethod" name="@AfterMethod cleanUp" time="0.0">
    <skipped/>
  </testcase> <!-- @AfterMethod cleanUp -->
  <testcase classname="testBase.CommonMethod" name="@BeforeMethod setupMethod" time="0.0">
    <skipped/>
  </testcase> <!-- @BeforeMethod setupMethod -->
  <testcase classname="testBase.CommonMethod" name="@AfterMethod cleanUp" time="0.0">
    <skipped/>
  </testcase> <!-- @AfterMethod cleanUp -->
  <testcase classname="testBase.CommonMethod" name="@BeforeMethod setupMethod" time="0.0">
    <skipped/>
  </testcase> <!-- @BeforeMethod setupMethod -->
  <testcase classname="testBase.CommonMethod" name="@AfterMethod cleanUp" time="0.0">
    <skipped/>
  </testcase> <!-- @AfterMethod cleanUp -->
  <testcase classname="FlowCheck.EndToEnd" name="Checkout" time="0.001">
    <skipped/>
  </testcase> <!-- Checkout -->
  <testcase classname="FlowCheck.EndToEnd" name="Finish" time="0.001">
    <skipped/>
  </testcase> <!-- Finish -->
  <testcase classname="FlowCheck.EndToEnd" name="Overview" time="0.0">
    <skipped/>
  </testcase> <!-- Overview -->
  <testcase classname="FlowCheck.EndToEnd" name="Selectitems" time="0.001">
    <skipped/>
  </testcase> <!-- Selectitems -->
  <testcase classname="FlowCheck.EndToEnd" name="YourInfo" time="0.0">
    <skipped/>
  </testcase> <!-- YourInfo -->
  <testcase classname="FlowCheck.EndToEnd" name="launch" time="0.0">
    <skipped/>
  </testcase> <!-- launch -->
</testsuite> <!-- Test -->
